PruebaVR/Intermediate/Android/armv7/gradle/app/build/intermediates/manifest_merge_blame_file/debug/manifest-merger-blame-debug-report.txt
1<?xml version="1.0" encoding="utf-8"?>
2<manifest xmlns:android="http://schemas.android.com/apk/res/android"
3    package="com.epicgames.PruebaVR"
4    android:installLocation="internalOnly"
5    android:versionCode="1"
6    android:versionName="1.0" >
7
8    <uses-sdk
9        android:minSdkVersion="23"
9-->src\main\AndroidManifest.xml
10        android:targetSdkVersion="25" />
10-->src\main\AndroidManifest.xml
11    <!-- Requirements -->
12    <uses-feature
12-->src\main\AndroidManifest.xml:48:3-76
13        android:glEsVersion="0x00030001"
13-->src\main\AndroidManifest.xml:48:17-49
14        android:required="true" />
14-->src\main\AndroidManifest.xml:48:50-73
15
16    <uses-permission android:name="android.permission.INTERNET" />
16-->src\main\AndroidManifest.xml:49:3-65
16-->src\main\AndroidManifest.xml:49:20-62
17    <uses-permission android:name="android.permission.WRITE_EXTERNAL_STORAGE" />
17-->src\main\AndroidManifest.xml:50:3-79
17-->src\main\AndroidManifest.xml:50:20-76
18    <uses-permission android:name="android.permission.ACCESS_NETWORK_STATE" />
18-->src\main\AndroidManifest.xml:51:3-77
18-->src\main\AndroidManifest.xml:51:20-74
19    <uses-permission android:name="android.permission.WAKE_LOCK" />
19-->src\main\AndroidManifest.xml:52:3-66
19-->src\main\AndroidManifest.xml:52:20-63
20    <uses-permission android:name="com.android.vending.CHECK_LICENSE" />
20-->src\main\AndroidManifest.xml:53:3-71
20-->src\main\AndroidManifest.xml:53:20-68
21    <uses-permission android:name="android.permission.ACCESS_WIFI_STATE" />
21-->src\main\AndroidManifest.xml:54:3-74
21-->src\main\AndroidManifest.xml:54:20-71
22    <uses-permission android:name="com.android.vending.BILLING" />
22-->src\main\AndroidManifest.xml:55:3-65
22-->src\main\AndroidManifest.xml:55:20-62
23    <!-- Supported texture compression formats (cooked) -->
24    <supports-gl-texture android:name="GL_KHR_texture_compression_astc_ldr" />
24-->src\main\AndroidManifest.xml:57:3-77
24-->src\main\AndroidManifest.xml:57:24-74
25
26    <uses-feature
26-->src\main\AndroidManifest.xml:58:3-111
27        android:name="android.hardware.vr.headtracking"
27-->src\main\AndroidManifest.xml:58:17-64
28        android:required="true"
28-->src\main\AndroidManifest.xml:58:85-108
29        android:version="1" />
29-->src\main\AndroidManifest.xml:58:65-84
30
31    <uses-permission android:name="com.oculus.permission.HAND_TRACKING" />
31-->src\main\AndroidManifest.xml:59:3-73
31-->src\main\AndroidManifest.xml:59:20-70
32
33    <uses-feature
33-->src\main\AndroidManifest.xml:60:3-88
34        android:name="oculus.software.handtracking"
34-->src\main\AndroidManifest.xml:60:17-60
35        android:required="false" />
35-->src\main\AndroidManifest.xml:60:61-85
36    <uses-feature android:name="android.hardware.usb.host" />
36-->src\main\AndroidManifest.xml:61:3-60
36-->src\main\AndroidManifest.xml:61:17-57
37    <!-- Application Definition -->
38    <application
38-->src\main\AndroidManifest.xml:3:3-46:17
39        android:name="com.epicgames.ue4.GameApplication"
39-->src\main\AndroidManifest.xml:3:147-195
40        android:appComponentFactory="androidx.core.app.CoreComponentFactory"
40-->[androidx.core:core:1.0.0] AndroidManifest.xml:22:18-86
41        android:debuggable="true"
42        android:extractNativeLibs="true"
42-->src\main\AndroidManifest.xml:3:114-146
43        android:hardwareAccelerated="true"
43-->src\main\AndroidManifest.xml:3:79-113
44        android:hasCode="true"
44-->src\main\AndroidManifest.xml:3:240-262
45        android:icon="@drawable/icon"
45-->src\main\AndroidManifest.xml:3:49-78
46        android:label="@string/app_name"
46-->src\main\AndroidManifest.xml:3:16-48
47        android:requestLegacyExternalStorage="true" >
47-->src\main\AndroidManifest.xml:3:196-239
48        <activity
48-->src\main\AndroidManifest.xml:4:5-12:16
49            android:name="com.epicgames.ue4.GameActivity"
49-->src\main\AndroidManifest.xml:4:15-60
50            android:configChanges="mcc|mnc|uiMode|density|screenSize|smallestScreenSize|screenLayout|orientation|keyboardHidden|keyboard"
50-->src\main\AndroidManifest.xml:4:159-284
51            android:debuggable="true"
51-->src\main\AndroidManifest.xml:4:396-421
52            android:label="@string/app_name"
52-->src\main\AndroidManifest.xml:4:61-93
53            android:launchMode="singleTask"
53-->src\main\AndroidManifest.xml:4:320-351
54            android:resizeableActivity="false"
54-->src\main\AndroidManifest.xml:4:285-319
55            android:screenOrientation="sensorLandscape"
55-->src\main\AndroidManifest.xml:4:352-395
56            android:theme="@android:style/Theme.Black.NoTitleBar.Fullscreen" >
56-->src\main\AndroidManifest.xml:4:94-158
57            <meta-data
57-->src\main\AndroidManifest.xml:5:7-76
58                android:name="android.app.lib_name"
58-->src\main\AndroidManifest.xml:5:18-53
59                android:value="UE4" />
59-->src\main\AndroidManifest.xml:5:54-73
60
61            <intent-filter>
61-->src\main\AndroidManifest.xml:6:7-10:23
62                <action android:name="android.intent.action.MAIN" />
62-->src\main\AndroidManifest.xml:7:9-61
62-->src\main\AndroidManifest.xml:7:17-58
63
64                <category android:name="android.intent.category.LAUNCHER" />
64-->src\main\AndroidManifest.xml:8:9-69
64-->src\main\AndroidManifest.xml:8:19-66
65                <category android:name="com.oculus.intent.category.VR" />
65-->src\main\AndroidManifest.xml:9:9-66
65-->src\main\AndroidManifest.xml:9:19-63
66            </intent-filter>
67
68            <meta-data
68-->src\main\AndroidManifest.xml:11:7-81
69                android:name="com.oculus.vr.focusaware"
69-->src\main\AndroidManifest.xml:11:18-57
70                android:value="true" />
70-->src\main\AndroidManifest.xml:11:58-78
71        </activity>
72        <activity android:name="com.epicgames.PruebaVR.DownloaderActivity" />
72-->src\main\AndroidManifest.xml:13:5-52
72-->src\main\AndroidManifest.xml:13:15-49
73
74        <meta-data
74-->src\main\AndroidManifest.xml:14:5-101
75            android:name="com.epicgames.ue4.GameActivity.EngineVersion"
75-->src\main\AndroidManifest.xml:14:16-75
76            android:value="4.27.2" />
76-->src\main\AndroidManifest.xml:14:76-98
77        <meta-data
77-->src\main\AndroidManifest.xml:15:5-112
78            android:name="com.epicgames.ue4.GameActivity.EngineBranch"
78-->src\main\AndroidManifest.xml:15:16-74
79            android:value="++UE4+Release-4.27" />
79-->src\main\AndroidManifest.xml:15:75-109
80        <meta-data
80-->src\main\AndroidManifest.xml:16:5-103
81            android:name="com.epicgames.ue4.GameActivity.ProjectVersion"
81-->src\main\AndroidManifest.xml:16:16-76
82            android:value="1.0.0.0" />
82-->src\main\AndroidManifest.xml:16:77-100
83        <meta-data
83-->src\main\AndroidManifest.xml:17:5-104
84            android:name="com.epicgames.ue4.GameActivity.DepthBufferPreference"
84-->src\main\AndroidManifest.xml:17:16-83
85            android:value="0" />
85-->src\main\AndroidManifest.xml:17:84-101
86        <meta-data
86-->src\main\AndroidManifest.xml:18:5-108
87            android:name="com.epicgames.ue4.GameActivity.bPackageDataInsideApk"
87-->src\main\AndroidManifest.xml:18:16-83
88            android:value="false" />
88-->src\main\AndroidManifest.xml:18:84-105
89        <meta-data
89-->src\main\AndroidManifest.xml:19:5-106
90            android:name="com.epicgames.ue4.GameActivity.bVerifyOBBOnStartUp"
90-->src\main\AndroidManifest.xml:19:16-81
91            android:value="false" />
91-->src\main\AndroidManifest.xml:19:82-103
92        <meta-data
92-->src\main\AndroidManifest.xml:20:5-99
93            android:name="com.epicgames.ue4.GameActivity.bShouldHideUI"
93-->src\main\AndroidManifest.xml:20:16-75
94            android:value="true" />
94-->src\main\AndroidManifest.xml:20:76-96
95        <meta-data
95-->src\main\AndroidManifest.xml:21:5-101
96            android:name="com.epicgames.ue4.GameActivity.ProjectName"
96-->src\main\AndroidManifest.xml:21:16-73
97            android:value="PruebaVR" />
97-->src\main\AndroidManifest.xml:21:74-98
98        <meta-data
98-->src\main\AndroidManifest.xml:22:5-89
99            android:name="com.epicgames.ue4.GameActivity.AppType"
99-->src\main\AndroidManifest.xml:22:16-69
100            android:value="" />
100-->src\main\AndroidManifest.xml:22:70-86
101        <meta-data
101-->src\main\AndroidManifest.xml:23:5-99
102            android:name="com.epicgames.ue4.GameActivity.bHasOBBFiles"
102-->src\main\AndroidManifest.xml:23:16-74
103            android:value="false" />
103-->src\main\AndroidManifest.xml:23:75-96
104        <meta-data
104-->src\main\AndroidManifest.xml:24:5-111
105            android:name="com.epicgames.ue4.GameActivity.BuildConfiguration"
105-->src\main\AndroidManifest.xml:24:16-80
106            android:value="Development" />
106-->src\main\AndroidManifest.xml:24:81-108
107        <meta-data
107-->src\main\AndroidManifest.xml:25:5-99
108            android:name="com.epicgames.ue4.GameActivity.CookedFlavors"
108-->src\main\AndroidManifest.xml:25:16-75
109            android:value="ASTC" />
109-->src\main\AndroidManifest.xml:25:76-96
110        <meta-data
110-->src\main\AndroidManifest.xml:26:5-109
111            android:name="com.epicgames.ue4.GameActivity.bValidateTextureFormats"
111-->src\main\AndroidManifest.xml:26:16-85
112            android:value="true" />
112-->src\main\AndroidManifest.xml:26:86-106
113        <meta-data
113-->src\main\AndroidManifest.xml:27:5-107
114            android:name="com.epicgames.ue4.GameActivity.bUseExternalFilesDir"
114-->src\main\AndroidManifest.xml:27:16-82
115            android:value="false" />
115-->src\main\AndroidManifest.xml:27:83-104
116        <meta-data
116-->src\main\AndroidManifest.xml:28:5-102
117            android:name="com.epicgames.ue4.GameActivity.bPublicLogFiles"
117-->src\main\AndroidManifest.xml:28:16-77
118            android:value="false" />
118-->src\main\AndroidManifest.xml:28:78-99
119        <meta-data
119-->src\main\AndroidManifest.xml:29:5-104
120            android:name="com.epicgames.ue4.GameActivity.bUseDisplayCutout"
120-->src\main\AndroidManifest.xml:29:16-79
121            android:value="false" />
121-->src\main\AndroidManifest.xml:29:80-101
122        <meta-data
122-->src\main\AndroidManifest.xml:30:5-95
123            android:name="com.epicgames.ue4.GameActivity.bAllowIMU"
123-->src\main\AndroidManifest.xml:30:16-71
124            android:value="true" />
124-->src\main\AndroidManifest.xml:30:72-92
125        <meta-data
125-->src\main\AndroidManifest.xml:31:5-101
126            android:name="com.epicgames.ue4.GameActivity.bSupportsVulkan"
126-->src\main\AndroidManifest.xml:31:16-77
127            android:value="true" />
127-->src\main\AndroidManifest.xml:31:78-98
128        <meta-data
128-->src\main\AndroidManifest.xml:32:5-141
129            android:name="com.epicgames.ue4.GameActivity.StartupPermissions"
129-->src\main\AndroidManifest.xml:32:16-80
130            android:value="android.permission.WRITE_EXTERNAL_STORAGE" />
130-->src\main\AndroidManifest.xml:32:81-138
131        <meta-data
131-->src\main\AndroidManifest.xml:33:5-100
132            android:name="com.google.android.gms.games.APP_ID"
132-->src\main\AndroidManifest.xml:33:16-66
133            android:value="@string/app_id" />
133-->src\main\AndroidManifest.xml:33:67-97
134        <meta-data
134-->src\main\AndroidManifest.xml:34:5-118
135            android:name="com.google.android.gms.version"
135-->src\main\AndroidManifest.xml:34:16-61
136            android:value="@integer/google_play_services_version" />
136-->src\main\AndroidManifest.xml:34:62-115
137
138        <activity
138-->src\main\AndroidManifest.xml:35:5-180
139            android:name="com.google.android.gms.ads.AdActivity"
139-->src\main\AndroidManifest.xml:35:15-67
140            android:configChanges="keyboard|keyboardHidden|orientation|screenLayout|uiMode|screenSize|smallestScreenSize" />
140-->src\main\AndroidManifest.xml:35:68-177
141
142        <service android:name="com.epicgames.PruebaVR.OBBDownloaderService" />
142-->src\main\AndroidManifest.xml:36:5-52
142-->src\main\AndroidManifest.xml:36:14-49
143
144        <receiver android:name="com.epicgames.PruebaVR.AlarmReceiver" />
144-->src\main\AndroidManifest.xml:37:5-46
144-->src\main\AndroidManifest.xml:37:15-43
145        <receiver android:name="com.epicgames.ue4.LocalNotificationReceiver" />
145-->src\main\AndroidManifest.xml:38:5-76
145-->src\main\AndroidManifest.xml:38:15-73
146        <receiver
146-->src\main\AndroidManifest.xml:39:5-43:16
147            android:name="com.epicgames.ue4.MulticastBroadcastReceiver"
147-->src\main\AndroidManifest.xml:39:15-74
148            android:exported="true" >
148-->src\main\AndroidManifest.xml:39:75-98
149            <intent-filter>
149-->src\main\AndroidManifest.xml:40:7-42:23
150                <action android:name="com.android.vending.INSTALL_REFERRER" />
150-->src\main\AndroidManifest.xml:41:9-71
150-->src\main\AndroidManifest.xml:41:17-68
151            </intent-filter>
152        </receiver>
153
154        <meta-data
154-->src\main\AndroidManifest.xml:44:5-79
155            android:name="android.max_aspect"
155-->src\main\AndroidManifest.xml:44:16-49
156            android:value="2100000.00" />
156-->src\main\AndroidManifest.xml:44:50-76
157        <meta-data
157-->src\main\AndroidManifest.xml:45:5-90
158            android:name="com.oculus.supportedDevices"
158-->src\main\AndroidManifest.xml:45:16-58
159            android:value="quest|delmar" />
159-->src\main\AndroidManifest.xml:45:59-87
160
161        <activity
161-->[com.google.android.gms:play-services-auth:11.8.0] AndroidManifest.xml:23:9-27:75
162            android:name="com.google.android.gms.auth.api.signin.internal.SignInHubActivity"
162-->[com.google.android.gms:play-services-auth:11.8.0] AndroidManifest.xml:24:13-93
163            android:excludeFromRecents="true"
163-->[com.google.android.gms:play-services-auth:11.8.0] AndroidManifest.xml:25:13-46
164            android:exported="false"
164-->[com.google.android.gms:play-services-auth:11.8.0] AndroidManifest.xml:26:13-37
165            android:theme="@android:style/Theme.Translucent.NoTitleBar" />
165-->[com.google.android.gms:play-services-auth:11.8.0] AndroidManifest.xml:27:13-72
166        <!--
167            Service handling Google Sign-In user revocation. For apps that do not integrate with
168            Google Sign-In, this service will never be started.
169        -->
170        <service
170-->[com.google.android.gms:play-services-auth:11.8.0] AndroidManifest.xml:33:9-36:110
171            android:name="com.google.android.gms.auth.api.signin.RevocationBoundService"
171-->[com.google.android.gms:play-services-auth:11.8.0] AndroidManifest.xml:34:13-89
172            android:exported="true"
172-->[com.google.android.gms:play-services-auth:11.8.0] AndroidManifest.xml:35:13-36
173            android:permission="com.google.android.gms.auth.api.signin.permission.REVOCATION_NOTIFICATION" />
173-->[com.google.android.gms:play-services-auth:11.8.0] AndroidManifest.xml:36:13-107
174
175        <meta-data
175-->[com.android.billingclient:billing:3.0.0] AndroidManifest.xml:13:9-15:37
176            android:name="com.google.android.play.billingclient.version"
176-->[com.android.billingclient:billing:3.0.0] AndroidManifest.xml:14:13-73
177            android:value="3.0.0" />
177-->[com.android.billingclient:billing:3.0.0] AndroidManifest.xml:15:13-34
178
179        <activity
179-->[com.android.billingclient:billing:3.0.0] AndroidManifest.xml:17:9-20:75
180            android:name="com.android.billingclient.api.ProxyBillingActivity"
180-->[com.android.billingclient:billing:3.0.0] AndroidManifest.xml:18:13-78
181            android:configChanges="keyboard|keyboardHidden|screenLayout|screenSize|orientation"
181-->[com.android.billingclient:billing:3.0.0] AndroidManifest.xml:19:13-96
182            android:theme="@android:style/Theme.Translucent.NoTitleBar" />
182-->[com.android.billingclient:billing:3.0.0] AndroidManifest.xml:20:13-72
183        <activity
183-->[com.google.android.gms:play-services-base:11.8.0] AndroidManifest.xml:23:9-26:75
184            android:name="com.google.android.gms.common.api.GoogleApiActivity"
184-->[com.google.android.gms:play-services-base:11.8.0] AndroidManifest.xml:24:13-79
185            android:exported="false"
185-->[com.google.android.gms:play-services-base:11.8.0] AndroidManifest.xml:25:13-37
186            android:theme="@android:style/Theme.Translucent.NoTitleBar" />
186-->[com.google.android.gms:play-services-base:11.8.0] AndroidManifest.xml:26:13-72
187
188        <provider
188-->[androidx.lifecycle:lifecycle-process:2.0.0] AndroidManifest.xml:23:9-27:43
189            android:name="androidx.lifecycle.ProcessLifecycleOwnerInitializer"
189-->[androidx.lifecycle:lifecycle-process:2.0.0] AndroidManifest.xml:24:13-79
190            android:authorities="com.epicgames.PruebaVR.lifecycle-process"
190-->[androidx.lifecycle:lifecycle-process:2.0.0] AndroidManifest.xml:25:13-69
191            android:exported="false"
191-->[androidx.lifecycle:lifecycle-process:2.0.0] AndroidManifest.xml:26:13-37
192            android:multiprocess="true" />
192-->[androidx.lifecycle:lifecycle-process:2.0.0] AndroidManifest.xml:27:13-40
193    </application>
194
195</manifest>